TN:
SF:src\core.js
FN:4,reactive
FN:9,(anonymous_1)
FN:16,(anonymous_2)
FN:25,(anonymous_3)
FN:34,(anonymous_4)
FN:50,effect
FN:66,(anonymous_6)
FNF:7
FNH:7
FNDA:10,reactive
FNDA:27,(anonymous_1)
FNDA:7,(anonymous_2)
FNDA:6,(anonymous_3)
FNDA:3,(anonymous_4)
FNDA:9,effect
FNDA:3,(anonymous_6)
DA:1,1
DA:2,1
DA:3,1
DA:5,10
DA:6,2
DA:8,8
DA:10,27
DA:11,27
DA:12,3
DA:14,24
DA:17,7
DA:18,7
DA:19,7
DA:20,10
DA:23,7
DA:26,6
DA:27,0
DA:29,6
DA:30,4
DA:32,6
DA:35,3
DA:36,3
DA:37,3
DA:38,3
DA:40,3
DA:43,3
DA:46,8
DA:47,8
DA:51,9
DA:52,9
DA:53,130
DA:54,130
DA:55,8
DA:57,130
DA:58,9
DA:60,130
DA:65,1
DA:66,3
DA:67,1
DA:68,1
DA:69,1
DA:70,1
DA:71,1
LF:43
LH:42
BRDA:5,0,0,2
BRDA:5,0,1,8
BRDA:11,1,0,3
BRDA:11,1,1,24
BRDA:14,2,0,23
BRDA:14,2,1,1
BRDA:18,3,0,7
BRDA:18,3,1,0
BRDA:18,4,0,7
BRDA:18,4,1,7
BRDA:26,5,0,0
BRDA:26,5,1,6
BRDA:29,6,0,4
BRDA:29,6,1,2
BRDA:29,7,0,6
BRDA:29,7,1,4
BRDA:35,8,0,3
BRDA:35,8,1,0
BRDA:35,9,0,3
BRDA:35,9,1,3
BRDA:37,10,0,3
BRDA:37,10,1,0
BRDA:54,11,0,8
BRDA:54,11,1,122
BRDA:57,12,0,9
BRDA:57,12,1,121
BRF:26
BRH:22
end_of_record
